<?xml version="1.0" encoding="UTF-8"?>
<!-- Generated by org.testng.reporters.JUnitXMLReporter -->
<testsuite hostname="admin-PC" ignored="0" name="TestNGExample" tests="2" failures="1" timestamp="30 Sep 2019 13:38:13 GMT" time="0.084" errors="0">
  <testcase name="LoginByEmail" time="0.024" classname="TestNGPkg.TestNGExample"/>
  <testcase name="LoginByFacebook" time="0.004" classname="TestNGPkg.TestNGExample">
    <failure type="java.lang.AssertionError" message="expected [Nitin] but found [Raman]">
      <![CDATA[java.lang.AssertionError: expected [Nitin] but found [Raman]
	at TestNGPkg.TestNGExample.LoginByFacebook(TestNGExample.java:16)
... Removed 31 stack frames]]>
    </failure>
  </testcase> <!-- LoginByFacebook -->
</testsuite> <!-- TestNGExample -->
